1544700063248	mozrunner::runner	INFO	Running command: "/usr/bin/firefox" "-marionette" "-foreground" "-no-remote" "-profile" "/tmp/rust_mozprofile.nV8K08DbxpL9"
1544700063794	addons.webextension.screenshots@mozilla.org	WARN	Loading extension 'screenshots@mozilla.org': Reading manifest: Invalid host permission: resource://pdf.js/
1544700063795	addons.webextension.screenshots@mozilla.org	WARN	Loading extension 'screenshots@mozilla.org': Reading manifest: Invalid host permission: about:reader*

(firefox:8774): Gtk-WARNING **: 14:21:04.444: Theme parsing error: <data>:1:34: Expected ')' in color definition

(firefox:8774): Gtk-WARNING **: 14:21:04.444: Theme parsing error: <data>:1:77: Expected ')' in color definition
1544700067558	Marionette	INFO	Listening on port 38569
1544700067570	Marionette	WARN	TLS certificate errors will be ignored for this session

(/usr/lib/firefox/firefox:8924): dconf-WARNING **: 14:21:14.280: Unable to open /var/lib/snapd/desktop/dconf/profile/user: Отказано в доступе
JavaScript error: jar:file:///usr/lib/firefox/omni.ja!/components/PeerConnection.js, line 1895: TypeError: this._dompc._pc is undefined
JavaScript error: jar:file:///usr/lib/firefox/omni.ja!/components/PeerConnection.js, line 1895: TypeError: this._dompc._pc is undefined
JavaScript error: jar:file:///usr/lib/firefox/omni.ja!/components/PeerConnection.js, line 1895: TypeError: this._dompc._pc is undefined
JavaScript error: jar:file:///usr/lib/firefox/omni.ja!/components/PeerConnection.js, line 1895: TypeError: this._dompc._pc is undefined

###!!! [Child][MessageChannel] Error: (msgtype=0x1F0016,name=PCameras::Msg_AllDone) Channel error: cannot send/recv

1544700098026	mozrunner::runner	INFO	Running command: "/usr/bin/firefox" "-marionette" "-foreground" "-no-remote" "-profile" "/tmp/rust_mozprofile.KvsG2aX4j1gH"
1544700098553	addons.webextension.screenshots@mozilla.org	WARN	Loading extension 'screenshots@mozilla.org': Reading manifest: Invalid host permission: resource://pdf.js/
1544700098554	addons.webextension.screenshots@mozilla.org	WARN	Loading extension 'screenshots@mozilla.org': Reading manifest: Invalid host permission: about:reader*

(firefox:9723): Gtk-WARNING **: 14:21:39.540: Theme parsing error: <data>:1:34: Expected ')' in color definition

(firefox:9723): Gtk-WARNING **: 14:21:39.540: Theme parsing error: <data>:1:77: Expected ')' in color definition
1544700102612	Marionette	INFO	Listening on port 33845
1544700102675	Marionette	WARN	TLS certificate errors will be ignored for this session

(/usr/lib/firefox/firefox:9879): dconf-WARNING **: 14:21:50.248: Unable to open /var/lib/snapd/desktop/dconf/profile/user: Отказано в доступе
JavaScript error: jar:file:///usr/lib/firefox/omni.ja!/components/PeerConnection.js, line 1895: TypeError: this._dompc._pc is undefined
JavaScript error: jar:file:///usr/lib/firefox/omni.ja!/components/PeerConnection.js, line 1895: TypeError: this._dompc._pc is undefined
JavaScript error: jar:file:///usr/lib/firefox/omni.ja!/components/PeerConnection.js, line 1895: TypeError: this._dompc._pc is undefined
JavaScript error: jar:file:///usr/lib/firefox/omni.ja!/components/PeerConnection.js, line 1895: TypeError: this._dompc._pc is undefined

###!!! [Child][MessageChannel] Error: (msgtype=0x1F0016,name=PCameras::Msg_AllDone) Channel error: cannot send/recv

1544700437384	mozrunner::runner	INFO	Running command: "/usr/bin/firefox" "-marionette" "-foreground" "-no-remote" "-profile" "/tmp/rust_mozprofile.XIw0PbriYF96"
1544700437882	addons.webextension.screenshots@mozilla.org	WARN	Loading extension 'screenshots@mozilla.org': Reading manifest: Invalid host permission: resource://pdf.js/
1544700437882	addons.webextension.screenshots@mozilla.org	WARN	Loading extension 'screenshots@mozilla.org': Reading manifest: Invalid host permission: about:reader*

(firefox:10850): Gtk-WARNING **: 14:27:18.509: Theme parsing error: <data>:1:34: Expected ')' in color definition

(firefox:10850): Gtk-WARNING **: 14:27:18.509: Theme parsing error: <data>:1:77: Expected ')' in color definition
1544700441073	Marionette	INFO	Listening on port 35817
1544700441101	Marionette	WARN	TLS certificate errors will be ignored for this session

(/usr/lib/firefox/firefox:11008): dconf-WARNING **: 14:27:29.688: Unable to open /var/lib/snapd/desktop/dconf/profile/user: Отказано в доступе
JavaScript error: jar:file:///usr/lib/firefox/omni.ja!/components/PeerConnection.js, line 1895: TypeError: this._dompc._pc is undefined
JavaScript error: jar:file:///usr/lib/firefox/omni.ja!/components/PeerConnection.js, line 1895: TypeError: this._dompc._pc is undefined
JavaScript error: jar:file:///usr/lib/firefox/omni.ja!/components/PeerConnection.js, line 1895: TypeError: this._dompc._pc is undefined
JavaScript error: jar:file:///usr/lib/firefox/omni.ja!/components/PeerConnection.js, line 1895: TypeError: this._dompc._pc is undefined

###!!! [Child][MessageChannel] Error: (msgtype=0x1F0016,name=PCameras::Msg_AllDone) Channel error: cannot send/recv

[GFX1-]: Receive IPC close with reason=AbnormalShutdown
[Child 11285, Chrome_ChildThread] WARNING: pipe error (3): Соединение разорвано другой стороной: file /build/firefox-wWf_B4/firefox-64.0+build3/ipc/chromium/src/chrome/common/ipc_channel_posix.cc, line 363
[GFX1-]: Receive IPC close with reason=AbnormalShutdown
1544700548355	mozrunner::runner	INFO	Running command: "/usr/bin/firefox" "-marionette" "-foreground" "-no-remote" "-profile" "/tmp/rust_mozprofile.Fk1tJt5mzSYO"
1544700549012	addons.webextension.screenshots@mozilla.org	WARN	Loading extension 'screenshots@mozilla.org': Reading manifest: Invalid host permission: resource://pdf.js/
1544700549012	addons.webextension.screenshots@mozilla.org	WARN	Loading extension 'screenshots@mozilla.org': Reading manifest: Invalid host permission: about:reader*

(firefox:11895): Gtk-WARNING **: 14:29:09.652: Theme parsing error: <data>:1:34: Expected ')' in color definition

(firefox:11895): Gtk-WARNING **: 14:29:09.652: Theme parsing error: <data>:1:77: Expected ')' in color definition
1544700552710	Marionette	INFO	Listening on port 41583
1544700552893	Marionette	WARN	TLS certificate errors will be ignored for this session

(/usr/lib/firefox/firefox:12048): dconf-WARNING **: 14:29:19.604: Unable to open /var/lib/snapd/desktop/dconf/profile/user: Отказано в доступе
JavaScript error: jar:file:///usr/lib/firefox/omni.ja!/components/PeerConnection.js, line 1895: TypeError: this._dompc._pc is undefined
JavaScript error: jar:file:///usr/lib/firefox/omni.ja!/components/PeerConnection.js, line 1895: TypeError: this._dompc._pc is undefined
JavaScript error: jar:file:///usr/lib/firefox/omni.ja!/components/PeerConnection.js, line 1895: TypeError: this._dompc._pc is undefined
JavaScript error: jar:file:///usr/lib/firefox/omni.ja!/components/PeerConnection.js, line 1895: TypeError: this._dompc._pc is undefined
JavaScript error: jar:file:///usr/lib/firefox/omni.ja!/components/PeerConnection.js, line 1895: TypeError: this._dompc._pc is undefined
JavaScript error: jar:file:///usr/lib/firefox/omni.ja!/components/PeerConnection.js, line 1895: TypeError: this._dompc._pc is undefined

###!!! [Child][MessageChannel] Error: (msgtype=0x1F0016,name=PCameras::Msg_AllDone) Channel error: cannot send/recv

[Child 12048, Chrome_ChildThread] WARNING: pipe error (31): Соединение разорвано другой стороной: file /build/firefox-wWf_B4/firefox-64.0+build3/ipc/chromium/src/chrome/common/ipc_channel_posix.cc, line 363
[Child 12048, Chrome_ChildThread] WARNING: pipe error (3): Соединение разорвано другой стороной: file /build/firefox-wWf_B4/firefox-64.0+build3/ipc/chromium/src/chrome/common/ipc_channel_posix.cc, line 363
1544700709674	mozrunner::runner	INFO	Running command: "/usr/bin/firefox" "-marionette" "-foreground" "-no-remote" "-profile" "/tmp/rust_mozprofile.J2MOeffs6LYK"
1544700710268	addons.webextension.screenshots@mozilla.org	WARN	Loading extension 'screenshots@mozilla.org': Reading manifest: Invalid host permission: resource://pdf.js/
1544700710268	addons.webextension.screenshots@mozilla.org	WARN	Loading extension 'screenshots@mozilla.org': Reading manifest: Invalid host permission: about:reader*

(firefox:12928): Gtk-WARNING **: 14:31:50.933: Theme parsing error: <data>:1:34: Expected ')' in color definition

(firefox:12928): Gtk-WARNING **: 14:31:50.933: Theme parsing error: <data>:1:77: Expected ')' in color definition
1544700714935	Marionette	INFO	Listening on port 37905
1544700715090	Marionette	WARN	TLS certificate errors will be ignored for this session

(/usr/lib/firefox/firefox:13090): dconf-WARNING **: 14:32:02.051: Unable to open /var/lib/snapd/desktop/dconf/profile/user: Отказано в доступе
JavaScript error: jar:file:///usr/lib/firefox/omni.ja!/components/PeerConnection.js, line 1895: TypeError: this._dompc._pc is undefined
JavaScript error: jar:file:///usr/lib/firefox/omni.ja!/components/PeerConnection.js, line 1895: TypeError: this._dompc._pc is undefined
JavaScript error: jar:file:///usr/lib/firefox/omni.ja!/components/PeerConnection.js, line 1895: TypeError: this._dompc._pc is undefined
JavaScript error: jar:file:///usr/lib/firefox/omni.ja!/components/PeerConnection.js, line 1895: TypeError: this._dompc._pc is undefined
JavaScript error: jar:file:///usr/lib/firefox/omni.ja!/components/PeerConnection.js, line 1895: TypeError: this._dompc._pc is undefined
JavaScript error: jar:file:///usr/lib/firefox/omni.ja!/components/PeerConnection.js, line 1895: TypeError: this._dompc._pc is undefined
JavaScript error: jar:file:///usr/lib/firefox/omni.ja!/components/PeerConnection.js, line 1895: TypeError: this._dompc._pc is undefined
JavaScript error: jar:file:///usr/lib/firefox/omni.ja!/components/PeerConnection.js, line 1895: TypeError: this._dompc._pc is undefined
1544700868615	mozrunner::runner	INFO	Running command: "/usr/bin/firefox" "-marionette" "-foreground" "-no-remote" "-profile" "/tmp/rust_mozprofile.jreXJGX9ph31"
1544700869217	addons.webextension.screenshots@mozilla.org	WARN	Loading extension 'screenshots@mozilla.org': Reading manifest: Invalid host permission: resource://pdf.js/
1544700869217	addons.webextension.screenshots@mozilla.org	WARN	Loading extension 'screenshots@mozilla.org': Reading manifest: Invalid host permission: about:reader*

(firefox:14061): Gtk-WARNING **: 14:34:29.873: Theme parsing error: <data>:1:34: Expected ')' in color definition

(firefox:14061): Gtk-WARNING **: 14:34:29.873: Theme parsing error: <data>:1:77: Expected ')' in color definition
1544700872775	Marionette	INFO	Listening on port 38277
1544700872840	Marionette	WARN	TLS certificate errors will be ignored for this session

(/usr/lib/firefox/firefox:14224): dconf-WARNING **: 14:34:38.771: Unable to open /var/lib/snapd/desktop/dconf/profile/user: Отказано в доступе
JavaScript error: jar:file:///usr/lib/firefox/omni.ja!/components/PeerConnection.js, line 1895: TypeError: this._dompc._pc is undefined
JavaScript error: jar:file:///usr/lib/firefox/omni.ja!/components/PeerConnection.js, line 1895: TypeError: this._dompc._pc is undefined
JavaScript error: jar:file:///usr/lib/firefox/omni.ja!/components/PeerConnection.js, line 1895: TypeError: this._dompc._pc is undefined
JavaScript error: jar:file:///usr/lib/firefox/omni.ja!/components/PeerConnection.js, line 1895: TypeError: this._dompc._pc is undefined
JavaScript error: jar:file:///usr/lib/firefox/omni.ja!/components/PeerConnection.js, line 1895: TypeError: this._dompc._pc is undefined
JavaScript error: jar:file:///usr/lib/firefox/omni.ja!/components/PeerConnection.js, line 1895: TypeError: this._dompc._pc is undefined
JavaScript error: jar:file:///usr/lib/firefox/omni.ja!/components/PeerConnection.js, line 1895: TypeError: this._dompc._pc is undefined
JavaScript error: jar:file:///usr/lib/firefox/omni.ja!/components/PeerConnection.js, line 1895: TypeError: this._dompc._pc is undefined
JavaScript error: jar:file:///usr/lib/firefox/omni.ja!/components/PeerConnection.js, line 1895: TypeError: this._dompc._pc is undefined
JavaScript error: jar:file:///usr/lib/firefox/omni.ja!/components/PeerConnection.js, line 1895: TypeError: this._dompc._pc is undefined
JavaScript error: jar:file:///usr/lib/firefox/omni.ja!/components/PeerConnection.js, line 1895: TypeError: this._dompc._pc is undefined
JavaScript error: jar:file:///usr/lib/firefox/omni.ja!/components/PeerConnection.js, line 1895: TypeError: this._dompc._pc is undefined
JavaScript error: jar:file:///usr/lib/firefox/omni.ja!/components/PeerConnection.js, line 1895: TypeError: this._dompc._pc is undefined
JavaScript error: jar:file:///usr/lib/firefox/omni.ja!/components/PeerConnection.js, line 1895: TypeError: this._dompc._pc is undefined
JavaScript error: jar:file:///usr/lib/firefox/omni.ja!/components/PeerConnection.js, line 1895: TypeError: this._dompc._pc is undefined
JavaScript error: jar:file:///usr/lib/firefox/omni.ja!/components/PeerConnection.js, line 1895: TypeError: this._dompc._pc is undefined
JavaScript error: jar:file:///usr/lib/firefox/omni.ja!/components/PeerConnection.js, line 1895: TypeError: this._dompc._pc is undefined
JavaScript error: jar:file:///usr/lib/firefox/omni.ja!/components/PeerConnection.js, line 1895: TypeError: this._dompc._pc is undefined
JavaScript error: jar:file:///usr/lib/firefox/omni.ja!/components/PeerConnection.js, line 1895: TypeError: this._dompc._pc is undefined
JavaScript error: jar:file:///usr/lib/firefox/omni.ja!/components/PeerConnection.js, line 1895: TypeError: this._dompc._pc is undefined
JavaScript error: jar:file:///usr/lib/firefox/omni.ja!/components/PeerConnection.js, line 1895: TypeError: this._dompc._pc is undefined
JavaScript error: jar:file:///usr/lib/firefox/omni.ja!/components/PeerConnection.js, line 1895: TypeError: this._dompc._pc is undefined
JavaScript error: jar:file:///usr/lib/firefox/omni.ja!/components/PeerConnection.js, line 1895: TypeError: this._dompc._pc is undefined
JavaScript error: jar:file:///usr/lib/firefox/omni.ja!/components/PeerConnection.js, line 1895: TypeError: this._dompc._pc is undefined
JavaScript error: jar:file:///usr/lib/firefox/omni.ja!/components/PeerConnection.js, line 1895: TypeError: this._dompc._pc is undefined
JavaScript error: jar:file:///usr/lib/firefox/omni.ja!/components/PeerConnection.js, line 1895: TypeError: this._dompc._pc is undefined

###!!! [Child][MessageChannel] Error: (msgtype=0x1F0016,name=PCameras::Msg_AllDone) Channel error: cannot send/recv

[GFX1-]: Receive IPC close with reason=AbnormalShutdown
[Child 14494, Chrome_ChildThread] WARNING: pipe error (3): Соединение разорвано другой стороной: file /build/firefox-wWf_B4/firefox-64.0+build3/ipc/chromium/src/chrome/common/ipc_channel_posix.cc, line 363
1544701023925	mozrunner::runner	INFO	Running command: "/usr/bin/firefox" "-marionette" "-foreground" "-no-remote" "-profile" "/tmp/rust_mozprofile.9eDhRbjVqy76"
1544701024438	addons.webextension.screenshots@mozilla.org	WARN	Loading extension 'screenshots@mozilla.org': Reading manifest: Invalid host permission: resource://pdf.js/
1544701024438	addons.webextension.screenshots@mozilla.org	WARN	Loading extension 'screenshots@mozilla.org': Reading manifest: Invalid host permission: about:reader*

(firefox:15262): Gtk-WARNING **: 14:37:05.094: Theme parsing error: <data>:1:34: Expected ')' in color definition

(firefox:15262): Gtk-WARNING **: 14:37:05.094: Theme parsing error: <data>:1:77: Expected ')' in color definition
1544701027859	Marionette	INFO	Listening on port 45231
1544701028023	Marionette	WARN	TLS certificate errors will be ignored for this session

(/usr/lib/firefox/firefox:15421): dconf-WARNING **: 14:37:14.319: Unable to open /var/lib/snapd/desktop/dconf/profile/user: Отказано в доступе
JavaScript error: jar:file:///usr/lib/firefox/omni.ja!/components/PeerConnection.js, line 1895: TypeError: this._dompc._pc is undefined
JavaScript error: jar:file:///usr/lib/firefox/omni.ja!/components/PeerConnection.js, line 1895: TypeError: this._dompc._pc is undefined
JavaScript error: jar:file:///usr/lib/firefox/omni.ja!/components/PeerConnection.js, line 1895: TypeError: this._dompc._pc is undefined
JavaScript error: jar:file:///usr/lib/firefox/omni.ja!/components/PeerConnection.js, line 1895: TypeError: this._dompc._pc is undefined
JavaScript error: jar:file:///usr/lib/firefox/omni.ja!/components/PeerConnection.js, line 1895: TypeError: this._dompc._pc is undefined
JavaScript error: jar:file:///usr/lib/firefox/omni.ja!/components/PeerConnection.js, line 1895: TypeError: this._dompc._pc is undefined

###!!! [Child][MessageChannel] Error: (msgtype=0x1F0016,name=PCameras::Msg_AllDone) Channel error: cannot send/recv

[GFX1-]: Receive IPC close with reason=AbnormalShutdown
[Child 15690, Chrome_ChildThread] WARNING: pipe error (3): Соединение разорвано другой стороной: file /build/firefox-wWf_B4/firefox-64.0+build3/ipc/chromium/src/chrome/common/ipc_channel_posix.cc, line 363
